{
  "uid" : "2ede73b37a4d78ca",
  "name" : "test_login_close",
  "fullName" : "Case.Module_1.test_1.TestCase#test_login_close",
  "historyId" : "f3a79aa827b2fbc3fe58930d1d504a5a",
  "time" : {
    "start" : 1652356115704,
    "stop" : 1652356121271,
    "duration" : 5567
  },
  "status" : "broken",
  "statusMessage" : "selenium.common.exceptions.TimeoutException: Message:",
  "statusTrace" : "self = <Case.Module_1.test_1.TestCase object at 0x0000027F3F4C37B8>\nDriver = <selenium.webdriver.chrome.webdriver.WebDriver (session=\"a1a32f83eff1504e1c7e550395798c0f\")>\n\n    def test_login_close(self, Driver):\n        self.y1 = YY1(Driver)\n>       self.y1.login_close()\n\nCase\\Module_1\\test_1.py:45: \n_ _ _ _ _ _ _ _ _ _ _ _ _ _ _ _ _ _ _ _ _ _ _ _ _ _ _ _ _ _ _ _ _ _ _ _ _ _ _ _\nPage\\y1.py:25: in login_close\n    self.click(self.login_close1)\nBase\\Base.py:28: in click\n    ele3 = self.findElement(locator)\nBase\\Base.py:18: in findElement\n    ele = WebDriverWait(self.driver, self.timeout, self.t).until(lambda x: x.find_element(*locator))\n_ _ _ _ _ _ _ _ _ _ _ _ _ _ _ _ _ _ _ _ _ _ _ _ _ _ _ _ _ _ _ _ _ _ _ _ _ _ _ _\n\nself = <selenium.webdriver.support.wait.WebDriverWait (session=\"a1a32f83eff1504e1c7e550395798c0f\")>\nmethod = <function Base.findElement.<locals>.<lambda> at 0x0000027F40592C80>\nmessage = ''\n\n    def until(self, method, message=''):\n        \"\"\"Calls the method provided with the driver as an argument until the \\\n        return value is not False.\"\"\"\n        screen = None\n        stacktrace = None\n    \n        end_time = time.time() + self._timeout\n        while True:\n            try:\n                value = method(self._driver)\n                if value:\n                    return value\n            except self._ignored_exceptions as exc:\n                screen = getattr(exc, 'screen', None)\n                stacktrace = getattr(exc, 'stacktrace', None)\n            time.sleep(self._poll)\n            if time.time() > end_time:\n                break\n>       raise TimeoutException(message, screen, stacktrace)\nE       selenium.common.exceptions.TimeoutException: Message:\n\nD:\\changyongruanjian\\python\\anzhuang\\lib\\site-packages\\selenium\\webdriver\\support\\wait.py:80: TimeoutException",
  "flaky" : false,
  "newFailed" : false,
  "beforeStages" : [ {
    "name" : "pySession",
    "time" : {
      "start" : 1652356102496,
      "stop" : 1652356102496,
      "duration" : 0
    },
    "status" : "passed",
    "steps" : [ ],
    "attachments" : [ ],
    "parameters" : [ ],
    "stepsCount" : 0,
    "hasContent" : false,
    "attachmentsCount" : 0,
    "shouldDisplayMessage" : false
  }, {
    "name" : "pyClass",
    "time" : {
      "start" : 1652356102497,
      "stop" : 1652356102497,
      "duration" : 0
    },
    "status" : "passed",
    "steps" : [ ],
    "attachments" : [ ],
    "parameters" : [ ],
    "stepsCount" : 0,
    "hasContent" : false,
    "attachmentsCount" : 0,
    "shouldDisplayMessage" : false
  }, {
    "name" : "pyModule",
    "time" : {
      "start" : 1652356102497,
      "stop" : 1652356102497,
      "duration" : 0
    },
    "status" : "passed",
    "steps" : [ ],
    "attachments" : [ ],
    "parameters" : [ ],
    "stepsCount" : 0,
    "hasContent" : false,
    "attachmentsCount" : 0,
    "shouldDisplayMessage" : false
  }, {
    "name" : "Driver",
    "time" : {
      "start" : 1652356098910,
      "stop" : 1652356102496,
      "duration" : 3586
    },
    "status" : "passed",
    "steps" : [ ],
    "attachments" : [ ],
    "parameters" : [ ],
    "stepsCount" : 0,
    "hasContent" : false,
    "attachmentsCount" : 0,
    "shouldDisplayMessage" : false
  } ],
  "testStage" : {
    "status" : "broken",
    "statusMessage" : "selenium.common.exceptions.TimeoutException: Message:",
    "statusTrace" : "self = <Case.Module_1.test_1.TestCase object at 0x0000027F3F4C37B8>\nDriver = <selenium.webdriver.chrome.webdriver.WebDriver (session=\"a1a32f83eff1504e1c7e550395798c0f\")>\n\n    def test_login_close(self, Driver):\n        self.y1 = YY1(Driver)\n>       self.y1.login_close()\n\nCase\\Module_1\\test_1.py:45: \n_ _ _ _ _ _ _ _ _ _ _ _ _ _ _ _ _ _ _ _ _ _ _ _ _ _ _ _ _ _ _ _ _ _ _ _ _ _ _ _\nPage\\y1.py:25: in login_close\n    self.click(self.login_close1)\nBase\\Base.py:28: in click\n    ele3 = self.findElement(locator)\nBase\\Base.py:18: in findElement\n    ele = WebDriverWait(self.driver, self.timeout, self.t).until(lambda x: x.find_element(*locator))\n_ _ _ _ _ _ _ _ _ _ _ _ _ _ _ _ _ _ _ _ _ _ _ _ _ _ _ _ _ _ _ _ _ _ _ _ _ _ _ _\n\nself = <selenium.webdriver.support.wait.WebDriverWait (session=\"a1a32f83eff1504e1c7e550395798c0f\")>\nmethod = <function Base.findElement.<locals>.<lambda> at 0x0000027F40592C80>\nmessage = ''\n\n    def until(self, method, message=''):\n        \"\"\"Calls the method provided with the driver as an argument until the \\\n        return value is not False.\"\"\"\n        screen = None\n        stacktrace = None\n    \n        end_time = time.time() + self._timeout\n        while True:\n            try:\n                value = method(self._driver)\n                if value:\n                    return value\n            except self._ignored_exceptions as exc:\n                screen = getattr(exc, 'screen', None)\n                stacktrace = getattr(exc, 'stacktrace', None)\n            time.sleep(self._poll)\n            if time.time() > end_time:\n                break\n>       raise TimeoutException(message, screen, stacktrace)\nE       selenium.common.exceptions.TimeoutException: Message:\n\nD:\\changyongruanjian\\python\\anzhuang\\lib\\site-packages\\selenium\\webdriver\\support\\wait.py:80: TimeoutException",
    "steps" : [ {
      "name" : "添加失败截图...",
      "time" : {
        "start" : 1652356121280,
        "stop" : 1652356121329,
        "duration" : 49
      },
      "status" : "passed",
      "steps" : [ ],
      "attachments" : [ {
        "uid" : "400db27df50cff50",
        "name" : "失败截图",
        "source" : "400db27df50cff50.png",
        "type" : "image/png",
        "size" : 64747
      } ],
      "parameters" : [ ],
      "stepsCount" : 0,
      "hasContent" : true,
      "attachmentsCount" : 1,
      "shouldDisplayMessage" : false
    } ],
    "attachments" : [ ],
    "parameters" : [ ],
    "stepsCount" : 1,
    "hasContent" : true,
    "attachmentsCount" : 1,
    "shouldDisplayMessage" : true
  },
  "afterStages" : [ {
    "name" : "pySession::0",
    "time" : {
      "start" : 1652356121331,
      "stop" : 1652356121331,
      "duration" : 0
    },
    "status" : "passed",
    "steps" : [ ],
    "attachments" : [ ],
    "parameters" : [ ],
    "stepsCount" : 0,
    "hasContent" : false,
    "attachmentsCount" : 0,
    "shouldDisplayMessage" : false
  }, {
    "name" : "pyClass::0",
    "time" : {
      "start" : 1652356121329,
      "stop" : 1652356121329,
      "duration" : 0
    },
    "status" : "passed",
    "steps" : [ ],
    "attachments" : [ ],
    "parameters" : [ ],
    "stepsCount" : 0,
    "hasContent" : false,
    "attachmentsCount" : 0,
    "shouldDisplayMessage" : false
  }, {
    "name" : "pyModule::0",
    "time" : {
      "start" : 1652356121330,
      "stop" : 1652356121330,
      "duration" : 0
    },
    "status" : "passed",
    "steps" : [ ],
    "attachments" : [ ],
    "parameters" : [ ],
    "stepsCount" : 0,
    "hasContent" : false,
    "attachmentsCount" : 0,
    "shouldDisplayMessage" : false
  }, {
    "name" : "Driver::0",
    "time" : {
      "start" : 1652356121332,
      "stop" : 1652356123391,
      "duration" : 2059
    },
    "status" : "passed",
    "steps" : [ ],
    "attachments" : [ ],
    "parameters" : [ ],
    "stepsCount" : 0,
    "hasContent" : false,
    "attachmentsCount" : 0,
    "shouldDisplayMessage" : false
  } ],
  "labels" : [ {
    "name" : "parentSuite",
    "value" : "Case.Module_1"
  }, {
    "name" : "suite",
    "value" : "test_1"
  }, {
    "name" : "subSuite",
    "value" : "TestCase"
  }, {
    "name" : "host",
    "value" : "DESKTOP-70I24VD"
  }, {
    "name" : "thread",
    "value" : "10300-MainThread"
  }, {
    "name" : "framework",
    "value" : "pytest"
  }, {
    "name" : "language",
    "value" : "cpython3"
  }, {
    "name" : "package",
    "value" : "Case.Module_1.test_1"
  }, {
    "name" : "resultFormat",
    "value" : "allure2"
  } ],
  "parameters" : [ ],
  "links" : [ ],
  "hidden" : false,
  "retry" : false,
  "extra" : {
    "severity" : "normal",
    "retries" : [ ],
    "categories" : [ {
      "name" : "Test defects",
      "matchedStatuses" : [ ],
      "flaky" : false
    } ],
    "tags" : [ ]
  },
  "source" : "2ede73b37a4d78ca.json",
  "parameterValues" : [ ]
}