{"name": "test_login_close", "status": "broken", "statusDetails": {"message": "selenium.common.exceptions.TimeoutException: Message:", "trace": "self = <Case.Module_1.test_1.TestCase object at 0x0000027F3F4C37B8>\nDriver = <selenium.webdriver.chrome.webdriver.WebDriver (session=\"a1a32f83eff1504e1c7e550395798c0f\")>\n\n    def test_login_close(self, Driver):\n        self.y1 = YY1(Driver)\n>       self.y1.login_close()\n\nCase\\Module_1\\test_1.py:45: \n_ _ _ _ _ _ _ _ _ _ _ _ _ _ _ _ _ _ _ _ _ _ _ _ _ _ _ _ _ _ _ _ _ _ _ _ _ _ _ _\nPage\\y1.py:25: in login_close\n    self.click(self.login_close1)\nBase\\Base.py:28: in click\n    ele3 = self.findElement(locator)\nBase\\Base.py:18: in findElement\n    ele = WebDriverWait(self.driver, self.timeout, self.t).until(lambda x: x.find_element(*locator))\n_ _ _ _ _ _ _ _ _ _ _ _ _ _ _ _ _ _ _ _ _ _ _ _ _ _ _ _ _ _ _ _ _ _ _ _ _ _ _ _\n\nself = <selenium.webdriver.support.wait.WebDriverWait (session=\"a1a32f83eff1504e1c7e550395798c0f\")>\nmethod = <function Base.findElement.<locals>.<lambda> at 0x0000027F40592C80>\nmessage = ''\n\n    def until(self, method, message=''):\n        \"\"\"Calls the method provided with the driver as an argument until the \\\n        return value is not False.\"\"\"\n        screen = None\n        stacktrace = None\n    \n        end_time = time.time() + self._timeout\n        while True:\n            try:\n                value = method(self._driver)\n                if value:\n                    return value\n            except self._ignored_exceptions as exc:\n                screen = getattr(exc, 'screen', None)\n                stacktrace = getattr(exc, 'stacktrace', None)\n            time.sleep(self._poll)\n            if time.time() > end_time:\n                break\n>       raise TimeoutException(message, screen, stacktrace)\nE       selenium.common.exceptions.TimeoutException: Message:\n\nD:\\changyongruanjian\\python\\anzhuang\\lib\\site-packages\\selenium\\webdriver\\support\\wait.py:80: TimeoutException"}, "steps": [{"name": "添加失败截图...", "status": "passed", "attachments": [{"name": "失败截图", "source": "201410d7-8d1b-4b04-bbc8-263fba66e6b7-attachment.png", "type": "image/png"}], "start": 1652356121280, "stop": 1652356121329}], "start": 1652356115704, "stop": 1652356121271, "uuid": "ed6c550a-2ba2-41f4-849d-588af6e5ee89", "historyId": "f3a79aa827b2fbc3fe58930d1d504a5a", "testCaseId": "23899c993ce76ea9cfa1f03a505b9fa7", "fullName": "Case.Module_1.test_1.TestCase#test_login_close", "labels": [{"name": "parentSuite", "value": "Case.Module_1"}, {"name": "suite", "value": "test_1"}, {"name": "subSuite", "value": "TestCase"}, {"name": "host", "value": "DESKTOP-70I24VD"}, {"name": "thread", "value": "10300-MainThread"}, {"name": "framework", "value": "pytest"}, {"name": "language", "value": "cpython3"}, {"name": "package", "value": "Case.Module_1.test_1"}]}