{"name": "test_login", "status": "failed", "statusDetails": {"message": "AssertionError: assert '注册' in '百度一下，你就知道'", "trace": "self = <Case.Module_1.test_1.TestCase object at 0x0000027F403B3048>\nDriver = <selenium.webdriver.chrome.webdriver.WebDriver (session=\"a1a32f83eff1504e1c7e550395798c0f\")>\n\n    def test_login(self, Driver):\n        self.y1 = YY1(Driver)\n    \n        self.y1.denglu()\n        print(\"111111111111111\")\n        assert 1 == 1\n        time.sleep(5)\n        t = Driver.title\n        print(t)\n        time.sleep(5)\n>       assert \"注册\" in t\nE       AssertionError: assert '注册' in '百度一下，你就知道'\n\nCase\\Module_1\\test_1.py:41: AssertionError"}, "steps": [{"name": "添加失败截图...", "status": "passed", "attachments": [{"name": "失败截图", "source": "7375987a-d696-4023-a5d5-88567179ed3f-attachment.png", "type": "image/png"}], "start": 1652356115636, "stop": 1652356115702}], "start": 1652356102498, "stop": 1652356115614, "uuid": "21dddcd0-976f-46d8-82cb-c45cf40e81c0", "historyId": "3a87d964ce87b0ef047a7c085fd71c01", "testCaseId": "bf281163a32ee64638a2a9b297810b07", "fullName": "Case.Module_1.test_1.TestCase#test_login", "labels": [{"name": "parentSuite", "value": "Case.Module_1"}, {"name": "suite", "value": "test_1"}, {"name": "subSuite", "value": "TestCase"}, {"name": "host", "value": "DESKTOP-70I24VD"}, {"name": "thread", "value": "10300-MainThread"}, {"name": "framework", "value": "pytest"}, {"name": "language", "value": "cpython3"}, {"name": "package", "value": "Case.Module_1.test_1"}]}